Flow report for co-processador
Fri Mar 27 07:10:54 2026
Quartus Prime Version 25.1std.0 Build 1129 10/21/2025 SC Lite Edition


---------------------
; Table of Contents ;
---------------------
  1. Legal Notice
  2. Flow Summary
  3. Flow Settings
  4. Flow Non-Default Global Settings
  5. Flow Elapsed Time
  6. Flow OS Summary
  7. Flow Log
  8. Flow Messages
  9. Flow Suppressed Messages



----------------
; Legal Notice ;
----------------
Copyright (C) 2025  Altera Corporation. All rights reserved.
Your use of Altera Corporation's design tools, logic functions 
and other software and tools, and any partner logic 
functions, and any output files from any of the foregoing 
(including device programming or simulation files), and any 
associated documentation or information are expressly subject 
to the terms and conditions of the Altera Program License 
Subscription Agreement, the Altera Quartus Prime License Agreement,
the Altera IP License Agreement, or other applicable license
agreement, including, without limitation, that your use is for
the sole purpose of programming logic devices manufactured by
Altera and sold by Altera or its authorized distributors.  Please
refer to the Altera Software License Subscription Agreements 
on the Quartus Prime software download page.



+-----------------------------------------------------------------------------------+
; Flow Summary                                                                      ;
+---------------------------------+-------------------------------------------------+
; Flow Status                     ; Successful - Fri Mar 27 07:10:54 2026           ;
; Quartus Prime Version           ; 25.1std.0 Build 1129 10/21/2025 SC Lite Edition ;
; Revision Name                   ; co-processador                                  ;
; Top-level Entity Name           ; elm_fsm                                         ;
; Family                          ; Cyclone V                                       ;
; Device                          ; 5CSEMA5F31C6                                    ;
; Timing Models                   ; Final                                           ;
; Logic utilization (in ALMs)     ; 255 / 32,070 ( < 1 % )                          ;
; Total registers                 ; 379                                             ;
; Total pins                      ; 214 / 457 ( 47 % )                              ;
; Total virtual pins              ; 0                                               ;
; Total block memory bits         ; 1,634,432 / 4,065,280 ( 40 % )                  ;
; Total DSP Blocks                ; 1 / 87 ( 1 % )                                  ;
; Total HSSI RX PCSs              ; 0                                               ;
; Total HSSI PMA RX Deserializers ; 0                                               ;
; Total HSSI TX PCSs              ; 0                                               ;
; Total HSSI PMA TX Serializers   ; 0                                               ;
; Total PLLs                      ; 0 / 6 ( 0 % )                                   ;
; Total DLLs                      ; 0 / 4 ( 0 % )                                   ;
+---------------------------------+-------------------------------------------------+


+-----------------------------------------+
; Flow Settings                           ;
+-------------------+---------------------+
; Option            ; Setting             ;
+-------------------+---------------------+
; Start date & time ; 03/27/2026 06:31:32 ;
; Main task         ; Compilation         ;
; Revision Name     ; co-processador      ;
+-------------------+---------------------+


+-------------------------------------------------------------------------------------------------------------------------------------------------+
; Flow Non-Default Global Settings                                                                                                                ;
+-------------------------------------+----------------------------------------+----------------+-------------+-----------------------------------+
; Assignment Name                     ; Value                                  ; Default Value  ; Entity Name ; Section Id                        ;
+-------------------------------------+----------------------------------------+----------------+-------------+-----------------------------------+
; COMPILER_SIGNATURE_ID               ; 44830101952137.177460389209645         ; --             ; --          ; --                                ;
; EDA_GENERATE_FUNCTIONAL_NETLIST     ; Off                                    ; --             ; --          ; eda_board_design_timing           ;
; EDA_GENERATE_FUNCTIONAL_NETLIST     ; Off                                    ; --             ; --          ; eda_board_design_boundary_scan    ;
; EDA_GENERATE_FUNCTIONAL_NETLIST     ; Off                                    ; --             ; --          ; eda_board_design_signal_integrity ;
; EDA_GENERATE_FUNCTIONAL_NETLIST     ; Off                                    ; --             ; --          ; eda_board_design_symbol           ;
; EDA_OUTPUT_DATA_FORMAT              ; Verilog Hdl                            ; --             ; --          ; eda_simulation                    ;
; EDA_SIMULATION_TOOL                 ; Questa Altera FPGA (Verilog)           ; <None>         ; --          ; --                                ;
; EDA_TIME_SCALE                      ; 1 ps                                   ; --             ; --          ; eda_simulation                    ;
; MAX_CORE_JUNCTION_TEMP              ; 85                                     ; --             ; --          ; --                                ;
; MIN_CORE_JUNCTION_TEMP              ; 0                                      ; --             ; --          ; --                                ;
; MISC_FILE                           ; bias_bb.v                              ; --             ; --          ; --                                ;
; MISC_FILE                           ; beta_bb.v                              ; --             ; --          ; --                                ;
; MISC_FILE                           ; pesos_bb.v                             ; --             ; --          ; --                                ;
; MISC_FILE                           ; digito_bb.v                            ; --             ; --          ; --                                ;
; PARTITION_COLOR                     ; -- (Not supported for targeted family) ; --             ; elm_fsm     ; Top                               ;
; PARTITION_FITTER_PRESERVATION_LEVEL ; -- (Not supported for targeted family) ; --             ; elm_fsm     ; Top                               ;
; PARTITION_NETLIST_TYPE              ; -- (Not supported for targeted family) ; --             ; elm_fsm     ; Top                               ;
; PROJECT_OUTPUT_DIRECTORY            ; output_files                           ; --             ; --          ; --                                ;
; TOP_LEVEL_ENTITY                    ; elm_fsm                                ; co-processador ; --          ; --                                ;
+-------------------------------------+----------------------------------------+----------------+-------------+-----------------------------------+


+--------------------------------------------------------------------------------------------------------------------------+
; Flow Elapsed Time                                                                                                        ;
+----------------------+--------------+-------------------------+---------------------+------------------------------------+
; Module Name          ; Elapsed Time ; Average Processors Used ; Peak Virtual Memory ; Total CPU Time (on all processors) ;
+----------------------+--------------+-------------------------+---------------------+------------------------------------+
; Analysis & Synthesis ; 00:00:05     ; 1.0                     ; 561 MB              ; 00:00:14                           ;
; Fitter               ; 00:00:28     ; 1.2                     ; 2292 MB             ; 00:01:37                           ;
; Assembler            ; 00:00:05     ; 1.0                     ; 535 MB              ; 00:00:04                           ;
; Timing Analyzer      ; 00:00:05     ; 2.3                     ; 961 MB              ; 00:00:09                           ;
; EDA Netlist Writer   ; 00:00:01     ; 1.0                     ; 678 MB              ; 00:00:01                           ;
; EDA Netlist Writer   ; 00:00:00     ; 1.0                     ; 675 MB              ; 00:00:00                           ;
; EDA Netlist Writer   ; 00:00:00     ; 1.0                     ; 678 MB              ; 00:00:01                           ;
; EDA Netlist Writer   ; 00:00:01     ; 1.0                     ; 675 MB              ; 00:00:00                           ;
; EDA Netlist Writer   ; 00:00:00     ; 1.0                     ; 678 MB              ; 00:00:01                           ;
; EDA Netlist Writer   ; 00:00:00     ; 1.0                     ; 675 MB              ; 00:00:00                           ;
; EDA Netlist Writer   ; 00:00:00     ; 1.0                     ; 678 MB              ; 00:00:01                           ;
; EDA Netlist Writer   ; 00:00:00     ; 1.0                     ; 675 MB              ; 00:00:00                           ;
; EDA Netlist Writer   ; 00:00:01     ; 1.0                     ; 678 MB              ; 00:00:01                           ;
; EDA Netlist Writer   ; 00:00:01     ; 1.0                     ; 675 MB              ; 00:00:00                           ;
; EDA Netlist Writer   ; 00:00:01     ; 1.0                     ; 678 MB              ; 00:00:01                           ;
; EDA Netlist Writer   ; 00:00:00     ; 1.0                     ; 675 MB              ; 00:00:00                           ;
; EDA Netlist Writer   ; 00:00:00     ; 1.0                     ; 678 MB              ; 00:00:01                           ;
; EDA Netlist Writer   ; 00:00:00     ; 1.0                     ; 675 MB              ; 00:00:00                           ;
; EDA Netlist Writer   ; 00:00:01     ; 1.0                     ; 678 MB              ; 00:00:01                           ;
; EDA Netlist Writer   ; 00:00:01     ; 1.0                     ; 675 MB              ; 00:00:00                           ;
; EDA Netlist Writer   ; 00:00:00     ; 1.0                     ; 675 MB              ; 00:00:00                           ;
; EDA Netlist Writer   ; 00:00:00     ; 1.0                     ; 678 MB              ; 00:00:01                           ;
; Total                ; 00:00:50     ; --                      ; --                  ; 00:02:13                           ;
+----------------------+--------------+-------------------------+---------------------+------------------------------------+


+-----------------------------------------------------------------------------------+
; Flow OS Summary                                                                   ;
+----------------------+--------------------+---------+------------+----------------+
; Module Name          ; Machine Hostname   ; OS Name ; OS Version ; Processor type ;
+----------------------+--------------------+---------+------------+----------------+
; Analysis & Synthesis ; duda-Dell-G15-5530 ; Ubuntu  ; 24         ; x86_64         ;
; Fitter               ; duda-Dell-G15-5530 ; Ubuntu  ; 24         ; x86_64         ;
; Assembler            ; duda-Dell-G15-5530 ; Ubuntu  ; 24         ; x86_64         ;
; Timing Analyzer      ; duda-Dell-G15-5530 ; Ubuntu  ; 24         ; x86_64         ;
; EDA Netlist Writer   ; duda-Dell-G15-5530 ; Ubuntu  ; 24         ; x86_64         ;
; EDA Netlist Writer   ; duda-Dell-G15-5530 ; Ubuntu  ; 24         ; x86_64         ;
; EDA Netlist Writer   ; duda-Dell-G15-5530 ; Ubuntu  ; 24         ; x86_64         ;
; EDA Netlist Writer   ; duda-Dell-G15-5530 ; Ubuntu  ; 24         ; x86_64         ;
; EDA Netlist Writer   ; duda-Dell-G15-5530 ; Ubuntu  ; 24         ; x86_64         ;
; EDA Netlist Writer   ; duda-Dell-G15-5530 ; Ubuntu  ; 24         ; x86_64         ;
; EDA Netlist Writer   ; duda-Dell-G15-5530 ; Ubuntu  ; 24         ; x86_64         ;
; EDA Netlist Writer   ; duda-Dell-G15-5530 ; Ubuntu  ; 24         ; x86_64         ;
; EDA Netlist Writer   ; duda-Dell-G15-5530 ; Ubuntu  ; 24         ; x86_64         ;
; EDA Netlist Writer   ; duda-Dell-G15-5530 ; Ubuntu  ; 24         ; x86_64         ;
; EDA Netlist Writer   ; duda-Dell-G15-5530 ; Ubuntu  ; 24         ; x86_64         ;
; EDA Netlist Writer   ; duda-Dell-G15-5530 ; Ubuntu  ; 24         ; x86_64         ;
; EDA Netlist Writer   ; duda-Dell-G15-5530 ; Ubuntu  ; 24         ; x86_64         ;
; EDA Netlist Writer   ; duda-Dell-G15-5530 ; Ubuntu  ; 24         ; x86_64         ;
; EDA Netlist Writer   ; duda-Dell-G15-5530 ; Ubuntu  ; 24         ; x86_64         ;
; EDA Netlist Writer   ; duda-Dell-G15-5530 ; Ubuntu  ; 24         ; x86_64         ;
; EDA Netlist Writer   ; duda-Dell-G15-5530 ; Ubuntu  ; 24         ; x86_64         ;
; EDA Netlist Writer   ; duda-Dell-G15-5530 ; Ubuntu  ; 24         ; x86_64         ;
+----------------------+--------------------+---------+------------+----------------+


------------
; Flow Log ;
------------
quartus_map --read_settings_files=on --write_settings_files=off co-processador -c co-processador
quartus_fit --read_settings_files=off --write_settings_files=off co-processador -c co-processador
quartus_asm --read_settings_files=off --write_settings_files=off co-processador -c co-processador
quartus_sta co-processador -c co-processador
quartus_eda --read_settings_files=off --write_settings_files=off co-processador -c co-processador
quartus_eda --gen_testbench --tool=modelsim_oem --format=verilog --write_settings_files=off co-processador -c co-processador --vector_source=/home/duda/Documents/SD_01/Waveform1.vwf --testbench_file=/home/duda/Documents/SD_01/simulation/qsim/Waveform1.vwf.vt
quartus_eda --write_settings_files=off --simulation=on --functional=on --flatten_buses=off --tool=modelsim_oem --format=verilog --output_directory=/home/duda/Documents/SD_01/simulation/qsim/ co-processador -c co-processador
quartus_eda --gen_testbench --tool=modelsim_oem --format=verilog --write_settings_files=off co-processador -c co-processador --vector_source=/home/duda/Documents/SD_01/Waveform1.vwf --testbench_file=/home/duda/Documents/SD_01/simulation/qsim/Waveform1.vwf.vt
quartus_eda --write_settings_files=off --simulation=on --functional=on --flatten_buses=off --tool=modelsim_oem --format=verilog --output_directory=/home/duda/Documents/SD_01/simulation/qsim/ co-processador -c co-processador
quartus_eda --gen_testbench --tool=modelsim_oem --format=verilog --write_settings_files=off co-processador -c co-processador --vector_source=/home/duda/Documents/SD_01/Waveform1.vwf --testbench_file=/home/duda/Documents/SD_01/simulation/qsim/Waveform1.vwf.vt
quartus_eda --write_settings_files=off --simulation=on --functional=on --flatten_buses=off --tool=modelsim_oem --format=verilog --output_directory=/home/duda/Documents/SD_01/simulation/qsim/ co-processador -c co-processador
quartus_eda --gen_testbench --tool=modelsim_oem --format=verilog --write_settings_files=off co-processador -c co-processador --vector_source=/home/duda/Documents/SD_01/Waveform1.vwf --testbench_file=/home/duda/Documents/SD_01/simulation/qsim/Waveform1.vwf.vt
quartus_eda --write_settings_files=off --simulation=on --functional=on --flatten_buses=off --tool=modelsim_oem --format=verilog --output_directory=/home/duda/Documents/SD_01/simulation/qsim/ co-processador -c co-processador
quartus_eda --gen_testbench --tool=modelsim_oem --format=verilog --write_settings_files=off co-processador -c co-processador --vector_source=/home/duda/Documents/SD_01/Waveform1.vwf --testbench_file=/home/duda/Documents/SD_01/simulation/qsim/Waveform1.vwf.vt
quartus_eda --write_settings_files=off --simulation=on --functional=on --flatten_buses=off --tool=modelsim_oem --format=verilog --output_directory=/home/duda/Documents/SD_01/simulation/qsim/ co-processador -c co-processador
quartus_eda --gen_testbench --tool=modelsim_oem --format=verilog --write_settings_files=off co-processador -c co-processador --vector_source=/home/duda/Documents/SD_01/Waveform1.vwf --testbench_file=/home/duda/Documents/SD_01/simulation/qsim/Waveform1.vwf.vt
quartus_eda --write_settings_files=off --simulation=on --functional=on --flatten_buses=off --tool=modelsim_oem --format=verilog --output_directory=/home/duda/Documents/SD_01/simulation/qsim/ co-processador -c co-processador
quartus_eda --gen_testbench --tool=modelsim_oem --format=verilog --write_settings_files=off co-processador -c co-processador --vector_source=/home/duda/Documents/SD_01/Waveform1.vwf --testbench_file=/home/duda/Documents/SD_01/simulation/qsim/Waveform1.vwf.vt
quartus_eda --write_settings_files=off --simulation=on --functional=on --flatten_buses=off --tool=modelsim_oem --format=verilog --output_directory=/home/duda/Documents/SD_01/simulation/qsim/ co-processador -c co-processador
quartus_eda --gen_testbench --tool=modelsim_oem --format=verilog --write_settings_files=off co-processador -c co-processador --vector_source=/home/duda/Documents/SD_01/Waveform1.vwf --testbench_file=/home/duda/Documents/SD_01/simulation/modelsim/Waveform1.vwf.vt
quartus_eda --gen_testbench --tool=modelsim_oem --format=verilog --write_settings_files=off co-processador -c co-processador --vector_source=/home/duda/Documents/SD_01/Waveform2.vwf --testbench_file=/home/duda/Documents/SD_01/simulation/qsim/Waveform2.vwf.vt
quartus_eda --write_settings_files=off --simulation=on --functional=on --flatten_buses=off --tool=modelsim_oem --format=verilog --output_directory=/home/duda/Documents/SD_01/simulation/qsim/ co-processador -c co-processador



