Analysis & Synthesis report for co-processador
Tue Mar 24 16:52:48 2026
Quartus Prime Version 25.1std.0 Build 1129 10/21/2025 SC Lite Edition


---------------------
; Table of Contents ;
---------------------
  1. Legal Notice
  2. Analysis & Synthesis Summary
  3. Analysis & Synthesis Settings
  4. Parallel Compilation
  5. Analysis & Synthesis Source Files Read
  6. Analysis & Synthesis Resource Usage Summary
  7. Analysis & Synthesis Resource Utilization by Entity
  8. Analysis & Synthesis DSP Block Usage Summary
  9. State Machine - |elm_fsm|state
 10. Registers Removed During Synthesis
 11. General Register Statistics
 12. Multiplexer Restructuring Statistics (Restructuring Performed)
 13. Parameter Settings for User Entity Instance: Top-level Entity: |elm_fsm
 14. Post-Synthesis Netlist Statistics for Top Partition
 15. Elapsed Time Per Partition
 16. Analysis & Synthesis Messages
 17. Analysis & Synthesis Suppressed Messages



----------------
; Legal Notice ;
----------------
Copyright (C) 2025  Altera Corporation. All rights reserved.
Your use of Altera Corporation's design tools, logic functions 
and other software and tools, and any partner logic 
functions, and any output files from any of the foregoing 
(including device programming or simulation files), and any 
associated documentation or information are expressly subject 
to the terms and conditions of the Altera Program License 
Subscription Agreement, the Altera Quartus Prime License Agreement,
the Altera IP License Agreement, or other applicable license
agreement, including, without limitation, that your use is for
the sole purpose of programming logic devices manufactured by
Altera and sold by Altera or its authorized distributors.  Please
refer to the Altera Software License Subscription Agreements 
on the Quartus Prime software download page.



+-----------------------------------------------------------------------------------+
; Analysis & Synthesis Summary                                                      ;
+---------------------------------+-------------------------------------------------+
; Analysis & Synthesis Status     ; Successful - Tue Mar 24 16:52:48 2026           ;
; Quartus Prime Version           ; 25.1std.0 Build 1129 10/21/2025 SC Lite Edition ;
; Revision Name                   ; co-processador                                  ;
; Top-level Entity Name           ; elm_fsm                                         ;
; Family                          ; Cyclone V                                       ;
; Logic utilization (in ALMs)     ; N/A                                             ;
; Total registers                 ; 372                                             ;
; Total pins                      ; 324                                             ;
; Total virtual pins              ; 0                                               ;
; Total block memory bits         ; 0                                               ;
; Total DSP Blocks                ; 1                                               ;
; Total HSSI RX PCSs              ; 0                                               ;
; Total HSSI PMA RX Deserializers ; 0                                               ;
; Total HSSI TX PCSs              ; 0                                               ;
; Total HSSI PMA TX Serializers   ; 0                                               ;
; Total PLLs                      ; 0                                               ;
; Total DLLs                      ; 0                                               ;
+---------------------------------+-------------------------------------------------+


+---------------------------------------------------------------------------------------------------------------------------+
; Analysis & Synthesis Settings                                                                                             ;
+---------------------------------------------------------------------------------+--------------------+--------------------+
; Option                                                                          ; Setting            ; Default Value      ;
+---------------------------------------------------------------------------------+--------------------+--------------------+
; Device                                                                          ; 5CSEMA5F31C6       ;                    ;
; Top-level entity name                                                           ; elm_fsm            ; co-processador     ;
; Family name                                                                     ; Cyclone V          ; Cyclone V          ;
; Use smart compilation                                                           ; Off                ; Off                ;
; Enable parallel Assembler and Timing Analyzer during compilation                ; On                 ; On                 ;
; Enable compact report table                                                     ; Off                ; Off                ;
; Restructure Multiplexers                                                        ; Auto               ; Auto               ;
; MLAB Add Timing Constraints For Mixed-Port Feed-Through Mode Setting Don't Care ; Off                ; Off                ;
; Create Debugging Nodes for IP Cores                                             ; Off                ; Off                ;
; Preserve fewer node names                                                       ; On                 ; On                 ;
; Intel FPGA IP Evaluation Mode                                                   ; Enable             ; Enable             ;
; Verilog Version                                                                 ; Verilog_2001       ; Verilog_2001       ;
; VHDL Version                                                                    ; VHDL_1993          ; VHDL_1993          ;
; State Machine Processing                                                        ; Auto               ; Auto               ;
; Safe State Machine                                                              ; Off                ; Off                ;
; Extract Verilog State Machines                                                  ; On                 ; On                 ;
; Extract VHDL State Machines                                                     ; On                 ; On                 ;
; Ignore Verilog initial constructs                                               ; Off                ; Off                ;
; Iteration limit for constant Verilog loops                                      ; 5000               ; 5000               ;
; Iteration limit for non-constant Verilog loops                                  ; 250                ; 250                ;
; Add Pass-Through Logic to Inferred RAMs                                         ; On                 ; On                 ;
; Infer RAMs from Raw Logic                                                       ; On                 ; On                 ;
; Parallel Synthesis                                                              ; On                 ; On                 ;
; DSP Block Balancing                                                             ; Auto               ; Auto               ;
; NOT Gate Push-Back                                                              ; On                 ; On                 ;
; Power-Up Don't Care                                                             ; On                 ; On                 ;
; Remove Redundant Logic Cells                                                    ; Off                ; Off                ;
; Remove Duplicate Registers                                                      ; On                 ; On                 ;
; Ignore CARRY Buffers                                                            ; Off                ; Off                ;
; Ignore CASCADE Buffers                                                          ; Off                ; Off                ;
; Ignore GLOBAL Buffers                                                           ; Off                ; Off                ;
; Ignore ROW GLOBAL Buffers                                                       ; Off                ; Off                ;
; Ignore LCELL Buffers                                                            ; Off                ; Off                ;
; Ignore SOFT Buffers                                                             ; On                 ; On                 ;
; Limit AHDL Integers to 32 Bits                                                  ; Off                ; Off                ;
; Optimization Technique                                                          ; Balanced           ; Balanced           ;
; Carry Chain Length                                                              ; 70                 ; 70                 ;
; Auto Carry Chains                                                               ; On                 ; On                 ;
; Auto Open-Drain Pins                                                            ; On                 ; On                 ;
; Perform WYSIWYG Primitive Resynthesis                                           ; Off                ; Off                ;
; Auto ROM Replacement                                                            ; On                 ; On                 ;
; Auto RAM Replacement                                                            ; On                 ; On                 ;
; Auto DSP Block Replacement                                                      ; On                 ; On                 ;
; Auto Shift Register Replacement                                                 ; Auto               ; Auto               ;
; Allow Shift Register Merging across Hierarchies                                 ; Auto               ; Auto               ;
; Auto Clock Enable Replacement                                                   ; On                 ; On                 ;
; Strict RAM Replacement                                                          ; Off                ; Off                ;
; Allow Synchronous Control Signals                                               ; On                 ; On                 ;
; Force Use of Synchronous Clear Signals                                          ; Off                ; Off                ;
; Auto Resource Sharing                                                           ; Off                ; Off                ;
; Allow Any RAM Size For Recognition                                              ; Off                ; Off                ;
; Allow Any ROM Size For Recognition                                              ; Off                ; Off                ;
; Allow Any Shift Register Size For Recognition                                   ; Off                ; Off                ;
; Use LogicLock Constraints during Resource Balancing                             ; On                 ; On                 ;
; Ignore translate_off and synthesis_off directives                               ; Off                ; Off                ;
; Timing-Driven Synthesis                                                         ; On                 ; On                 ;
; Report Parameter Settings                                                       ; On                 ; On                 ;
; Report Source Assignments                                                       ; On                 ; On                 ;
; Report Connectivity Checks                                                      ; On                 ; On                 ;
; Ignore Maximum Fan-Out Assignments                                              ; Off                ; Off                ;
; Synchronization Register Chain Length                                           ; 3                  ; 3                  ;
; Power Optimization During Synthesis                                             ; Normal compilation ; Normal compilation ;
; HDL message level                                                               ; Level2             ; Level2             ;
; Suppress Register Optimization Related Messages                                 ; Off                ; Off                ;
; Number of Removed Registers Reported in Synthesis Report                        ; 5000               ; 5000               ;
; Number of Swept Nodes Reported in Synthesis Report                              ; 5000               ; 5000               ;
; Number of Inverted Registers Reported in Synthesis Report                       ; 100                ; 100                ;
; Clock MUX Protection                                                            ; On                 ; On                 ;
; Auto Gated Clock Conversion                                                     ; Off                ; Off                ;
; Block Design Naming                                                             ; Auto               ; Auto               ;
; SDC constraint protection                                                       ; Off                ; Off                ;
; Synthesis Effort                                                                ; Auto               ; Auto               ;
; Shift Register Replacement - Allow Asynchronous Clear Signal                    ; On                 ; On                 ;
; Pre-Mapping Resynthesis Optimization                                            ; Off                ; Off                ;
; Analysis & Synthesis Message Level                                              ; Medium             ; Medium             ;
; Disable Register Merging Across Hierarchies                                     ; Auto               ; Auto               ;
; Resource Aware Inference For Block RAM                                          ; On                 ; On                 ;
; Automatic Parallel Synthesis                                                    ; On                 ; On                 ;
; Partial Reconfiguration Bitstream ID                                            ; Off                ; Off                ;
+---------------------------------------------------------------------------------+--------------------+--------------------+


+------------------------------------------+
; Parallel Compilation                     ;
+----------------------------+-------------+
; Processors                 ; Number      ;
+----------------------------+-------------+
; Number detected on machine ; 16          ;
; Maximum allowed            ; 10          ;
;                            ;             ;
; Average used               ; 1.00        ;
; Maximum used               ; 10          ;
;                            ;             ;
; Usage by Processor         ; % Time Used ;
;     Processor 1            ; 100.0%      ;
;     Processor 2            ;   0.0%      ;
;     Processors 3-10        ;   0.0%      ;
+----------------------------+-------------+


+------------------------------------------------------------------------------------------------------------------------------+
; Analysis & Synthesis Source Files Read                                                                                       ;
+----------------------------------+-----------------+------------------------+--------------------------------------+---------+
; File Name with User-Entered Path ; Used in Netlist ; File Type              ; File Name with Absolute Path         ; Library ;
+----------------------------------+-----------------+------------------------+--------------------------------------+---------+
; elm_fsm.v                        ; yes             ; User Verilog HDL File  ; /home/duda/Documents/SD_01/elm_fsm.v ;         ;
+----------------------------------+-----------------+------------------------+--------------------------------------+---------+


+---------------------------------------------------------+
; Analysis & Synthesis Resource Usage Summary             ;
+---------------------------------------------+-----------+
; Resource                                    ; Usage     ;
+---------------------------------------------+-----------+
; Estimate of Logic utilization (ALMs needed) ; 230       ;
;                                             ;           ;
; Combinational ALUT usage for logic          ; 256       ;
;     -- 7 input functions                    ; 0         ;
;     -- 6 input functions                    ; 85        ;
;     -- 5 input functions                    ; 47        ;
;     -- 4 input functions                    ; 33        ;
;     -- <=3 input functions                  ; 91        ;
;                                             ;           ;
; Dedicated logic registers                   ; 372       ;
;                                             ;           ;
; I/O pins                                    ; 324       ;
;                                             ;           ;
; Total DSP Blocks                            ; 1         ;
;                                             ;           ;
; Maximum fan-out node                        ; clk~input ;
; Maximum fan-out                             ; 372       ;
; Total fan-out                               ; 2864      ;
; Average fan-out                             ; 2.24      ;
+---------------------------------------------+-----------+


+----------------------------------------------------------------------------------------------------------------------------------------------------------------------------------------+
; Analysis & Synthesis Resource Utilization by Entity                                                                                                                                    ;
+----------------------------+---------------------+---------------------------+-------------------+------------+------+--------------+---------------------+-------------+--------------+
; Compilation Hierarchy Node ; Combinational ALUTs ; Dedicated Logic Registers ; Block Memory Bits ; DSP Blocks ; Pins ; Virtual Pins ; Full Hierarchy Name ; Entity Name ; Library Name ;
+----------------------------+---------------------+---------------------------+-------------------+------------+------+--------------+---------------------+-------------+--------------+
; |elm_fsm                   ; 256 (256)           ; 372 (372)                 ; 0                 ; 1          ; 324  ; 0            ; |elm_fsm            ; elm_fsm     ; work         ;
+----------------------------+---------------------+---------------------------+-------------------+------------+------+--------------+---------------------+-------------+--------------+
Note: For table entries with two numbers listed, the numbers in parentheses indicate the number of resources of the given type used by the specific entity alone. The numbers listed outside of parentheses indicate the total resources of the given type used by the specific entity and all of its sub-entities in the hierarchy.


+-----------------------------------------------+
; Analysis & Synthesis DSP Block Usage Summary  ;
+---------------------------------+-------------+
; Statistic                       ; Number Used ;
+---------------------------------+-------------+
; Two Independent 18x18           ; 1           ;
; Total number of DSP blocks      ; 1           ;
;                                 ;             ;
; Fixed Point Unsigned Multiplier ; 1           ;
+---------------------------------+-------------+


Encoding Type:  One-Hot
+-------------------------------------------------------------------------------------------------------------------------------------------------------------------------------------------------------------------------------------+
; State Machine - |elm_fsm|state                                                                                                                                                                                                      ;
+-------------------+----------------+---------------+----------------+----------------+---------------+--------------+-------------+-------------------+---------------+--------------+-------------+-------------------+------------+
; Name              ; state.ERROR_ST ; state.DONE_ST ; state.ARG_WAIT ; state.ARG_FEED ; state.O_WRITE ; state.O_WAIT ; state.O_RUN ; state.O_RESET_MAC ; state.H_WRITE ; state.H_WAIT ; state.H_RUN ; state.H_RESET_MAC ; state.IDLE ;
+-------------------+----------------+---------------+----------------+----------------+---------------+--------------+-------------+-------------------+---------------+--------------+-------------+-------------------+------------+
; state.IDLE        ; 0              ; 0             ; 0              ; 0              ; 0             ; 0            ; 0           ; 0                 ; 0             ; 0            ; 0           ; 0                 ; 0          ;
; state.H_RESET_MAC ; 0              ; 0             ; 0              ; 0              ; 0             ; 0            ; 0           ; 0                 ; 0             ; 0            ; 0           ; 1                 ; 1          ;
; state.H_RUN       ; 0              ; 0             ; 0              ; 0              ; 0             ; 0            ; 0           ; 0                 ; 0             ; 0            ; 1           ; 0                 ; 1          ;
; state.H_WAIT      ; 0              ; 0             ; 0              ; 0              ; 0             ; 0            ; 0           ; 0                 ; 0             ; 1            ; 0           ; 0                 ; 1          ;
; state.H_WRITE     ; 0              ; 0             ; 0              ; 0              ; 0             ; 0            ; 0           ; 0                 ; 1             ; 0            ; 0           ; 0                 ; 1          ;
; state.O_RESET_MAC ; 0              ; 0             ; 0              ; 0              ; 0             ; 0            ; 0           ; 1                 ; 0             ; 0            ; 0           ; 0                 ; 1          ;
; state.O_RUN       ; 0              ; 0             ; 0              ; 0              ; 0             ; 0            ; 1           ; 0                 ; 0             ; 0            ; 0           ; 0                 ; 1          ;
; state.O_WAIT      ; 0              ; 0             ; 0              ; 0              ; 0             ; 1            ; 0           ; 0                 ; 0             ; 0            ; 0           ; 0                 ; 1          ;
; state.O_WRITE     ; 0              ; 0             ; 0              ; 0              ; 1             ; 0            ; 0           ; 0                 ; 0             ; 0            ; 0           ; 0                 ; 1          ;
; state.ARG_FEED    ; 0              ; 0             ; 0              ; 1              ; 0             ; 0            ; 0           ; 0                 ; 0             ; 0            ; 0           ; 0                 ; 1          ;
; state.ARG_WAIT    ; 0              ; 0             ; 1              ; 0              ; 0             ; 0            ; 0           ; 0                 ; 0             ; 0            ; 0           ; 0                 ; 1          ;
; state.DONE_ST     ; 0              ; 1             ; 0              ; 0              ; 0             ; 0            ; 0           ; 0                 ; 0             ; 0            ; 0           ; 0                 ; 1          ;
; state.ERROR_ST    ; 1              ; 0             ; 0              ; 0              ; 0             ; 0            ; 0           ; 0                 ; 0             ; 0            ; 0           ; 0                 ; 1          ;
+-------------------+----------------+---------------+----------------+----------------+---------------+--------------+-------------+-------------------+---------------+--------------+-------------+-------------------+------------+


+---------------------------------------------------------------------------------+
; Registers Removed During Synthesis                                              ;
+----------------------------------------+----------------------------------------+
; Register name                          ; Reason for Removal                     ;
+----------------------------------------+----------------------------------------+
; beta_addr[12]~reg0                     ; Merged with beta_addr[11]~reg0         ;
; beta_addr[13]~reg0                     ; Merged with beta_addr[11]~reg0         ;
; beta_addr[14]~reg0                     ; Merged with beta_addr[11]~reg0         ;
; beta_addr[15]~reg0                     ; Merged with beta_addr[11]~reg0         ;
; beta_addr[16]~reg0                     ; Merged with beta_addr[11]~reg0         ;
; beta_addr[17]~reg0                     ; Merged with beta_addr[11]~reg0         ;
; beta_addr[11]~reg0                     ; Stuck at GND due to stuck port data_in ;
; state~16                               ; Lost fanout                            ;
; state~17                               ; Lost fanout                            ;
; state~18                               ; Lost fanout                            ;
; state~19                               ; Lost fanout                            ;
; state.ERROR_ST                         ; Stuck at GND due to stuck port data_in ;
; Total Number of Removed Registers = 12 ;                                        ;
+----------------------------------------+----------------------------------------+


+------------------------------------------------------+
; General Register Statistics                          ;
+----------------------------------------------+-------+
; Statistic                                    ; Value ;
+----------------------------------------------+-------+
; Total registers                              ; 372   ;
; Number of registers using Synchronous Clear  ; 154   ;
; Number of registers using Synchronous Load   ; 26    ;
; Number of registers using Asynchronous Clear ; 0     ;
; Number of registers using Asynchronous Load  ; 0     ;
; Number of registers using Clock Enable       ; 292   ;
; Number of registers using Preset             ; 0     ;
+----------------------------------------------+-------+


+------------------------------------------------------------------------------------------------------------------------------------------+
; Multiplexer Restructuring Statistics (Restructuring Performed)                                                                           ;
+--------------------+-----------+---------------+----------------------+------------------------+------------+----------------------------+
; Multiplexer Inputs ; Bus Width ; Baseline Area ; Area if Restructured ; Saving if Restructured ; Registered ; Example Multiplexer Output ;
+--------------------+-----------+---------------+----------------------+------------------------+------------+----------------------------+
; 3:1                ; 8 bits    ; 16 LEs        ; 0 LEs                ; 16 LEs                 ; Yes        ; |elm_fsm|bias_addr[7]~reg0 ;
; 3:1                ; 20 bits   ; 40 LEs        ; 0 LEs                ; 40 LEs                 ; Yes        ; |elm_fsm|arg_y_in[2]~reg0  ;
; 3:1                ; 4 bits    ; 8 LEs         ; 4 LEs                ; 4 LEs                  ; Yes        ; |elm_fsm|pred[1]~reg0      ;
; 4:1                ; 24 bits   ; 48 LEs        ; 0 LEs                ; 48 LEs                 ; Yes        ; |elm_fsm|mac_pixel[4]~reg0 ;
; 5:1                ; 18 bits   ; 54 LEs        ; 18 LEs               ; 36 LEs                 ; Yes        ; |elm_fsm|win_addr[0]~reg0  ;
; 5:1                ; 4 bits    ; 12 LEs        ; 8 LEs                ; 4 LEs                  ; Yes        ; |elm_fsm|beta_addr[3]~reg0 ;
; 7:1                ; 10 bits   ; 40 LEs        ; 0 LEs                ; 40 LEs                 ; Yes        ; |elm_fsm|p_cnt[9]          ;
; 9:1                ; 4 bits    ; 24 LEs        ; 12 LEs               ; 12 LEs                 ; Yes        ; |elm_fsm|c_cnt[3]          ;
; 11:1               ; 3 bits    ; 21 LEs        ; 12 LEs               ; 9 LEs                  ; No         ; |elm_fsm|state             ;
; 13:1               ; 2 bits    ; 16 LEs        ; 8 LEs                ; 8 LEs                  ; No         ; |elm_fsm|state             ;
+--------------------+-----------+---------------+----------------------+------------------------+------------+----------------------------+


+-------------------------------------------------------------------------+
; Parameter Settings for User Entity Instance: Top-level Entity: |elm_fsm ;
+----------------+-------+------------------------------------------------+
; Parameter Name ; Value ; Type                                           ;
+----------------+-------+------------------------------------------------+
; N_HIDDEN       ; 4     ; Signed Integer                                 ;
; N_CLASSES      ; 10    ; Signed Integer                                 ;
; IMG_SIZE       ; 784   ; Signed Integer                                 ;
+----------------+-------+------------------------------------------------+
Note: In order to hide this table in the UI and the text report file, please set the "Show Parameter Settings in Synthesis Report" option in "Analysis and Synthesis Settings -> More Settings" to "Off".


+-----------------------------------------------------+
; Post-Synthesis Netlist Statistics for Top Partition ;
+-----------------------+-----------------------------+
; Type                  ; Count                       ;
+-----------------------+-----------------------------+
; arriav_ff             ; 372                         ;
;     ENA               ; 208                         ;
;     ENA SCLR          ; 60                          ;
;     ENA SCLR SLD      ; 24                          ;
;     SCLR              ; 70                          ;
;     SLD               ; 2                           ;
;     plain             ; 8                           ;
; arriav_lcell_comb     ; 257                         ;
;     arith             ; 29                          ;
;         0 data inputs ; 1                           ;
;         1 data inputs ; 24                          ;
;         2 data inputs ; 4                           ;
;     normal            ; 210                         ;
;         0 data inputs ; 1                           ;
;         2 data inputs ; 14                          ;
;         3 data inputs ; 30                          ;
;         4 data inputs ; 33                          ;
;         5 data inputs ; 47                          ;
;         6 data inputs ; 85                          ;
;     shared            ; 18                          ;
;         1 data inputs ; 8                           ;
;         2 data inputs ; 10                          ;
; arriav_mac            ; 1                           ;
; boundary_port         ; 324                         ;
;                       ;                             ;
; Max LUT depth         ; 3.70                        ;
; Average LUT depth     ; 1.57                        ;
+-----------------------+-----------------------------+


+-------------------------------+
; Elapsed Time Per Partition    ;
+----------------+--------------+
; Partition Name ; Elapsed Time ;
+----------------+--------------+
; Top            ; 00:00:00     ;
+----------------+--------------+


+-------------------------------+
; Analysis & Synthesis Messages ;
+-------------------------------+
Info: *******************************************************************
Info: Running Quartus Prime Analysis & Synthesis
    Info: Version 25.1std.0 Build 1129 10/21/2025 SC Lite Edition
    Info: Processing started: Tue Mar 24 16:52:43 2026
Info: Command: quartus_map --read_settings_files=on --write_settings_files=off co-processador -c co-processador
Warning (18236): Number of processors has not been specified which may cause overloading on shared machines.  Set the global assignment NUM_PARALLEL_PROCESSORS in your QSF to an appropriate value for best performance.
Info (20030): Parallel compilation is enabled and will use 10 of the 10 processors detected
Info (12021): Found 1 design units, including 1 entities, in source file ativacao_sigmoid.v
    Info (12023): Found entity 1: ativacao_sigmoid File: /home/duda/Documents/SD_01/ativacao_sigmoid.v Line: 1
Info (12021): Found 1 design units, including 1 entities, in source file mac.v
    Info (12023): Found entity 1: mac File: /home/duda/Documents/SD_01/mac.v Line: 1
Info (12021): Found 1 design units, including 1 entities, in source file ativacao_cordic_tanh.v
    Info (12023): Found entity 1: ativacao_cordic_tanh File: /home/duda/Documents/SD_01/ativacao_cordic_tanh.v Line: 1
Info (12021): Found 1 design units, including 1 entities, in source file argmax.v
    Info (12023): Found entity 1: argmax File: /home/duda/Documents/SD_01/argmax.v Line: 1
Info (12021): Found 1 design units, including 1 entities, in source file elm_fsm.v
    Info (12023): Found entity 1: elm_fsm File: /home/duda/Documents/SD_01/elm_fsm.v Line: 22
Info (12127): Elaborating entity "elm_fsm" for the top level hierarchy
Warning (10036): Verilog HDL or VHDL warning at elm_fsm.v(329): object "state_name" assigned a value but never read File: /home/duda/Documents/SD_01/elm_fsm.v Line: 329
Warning (10230): Verilog HDL assignment warning at elm_fsm.v(183): truncated value with size 32 to match size of target (18) File: /home/duda/Documents/SD_01/elm_fsm.v Line: 183
Warning (10230): Verilog HDL assignment warning at elm_fsm.v(199): truncated value with size 32 to match size of target (10) File: /home/duda/Documents/SD_01/elm_fsm.v Line: 199
Warning (10230): Verilog HDL assignment warning at elm_fsm.v(200): truncated value with size 32 to match size of target (10) File: /home/duda/Documents/SD_01/elm_fsm.v Line: 200
Warning (10230): Verilog HDL assignment warning at elm_fsm.v(201): truncated value with size 32 to match size of target (18) File: /home/duda/Documents/SD_01/elm_fsm.v Line: 201
Warning (10230): Verilog HDL assignment warning at elm_fsm.v(228): truncated value with size 32 to match size of target (8) File: /home/duda/Documents/SD_01/elm_fsm.v Line: 228
Warning (10230): Verilog HDL assignment warning at elm_fsm.v(238): truncated value with size 32 to match size of target (18) File: /home/duda/Documents/SD_01/elm_fsm.v Line: 238
Warning (10230): Verilog HDL assignment warning at elm_fsm.v(250): truncated value with size 32 to match size of target (10) File: /home/duda/Documents/SD_01/elm_fsm.v Line: 250
Warning (10230): Verilog HDL assignment warning at elm_fsm.v(251): truncated value with size 32 to match size of target (8) File: /home/duda/Documents/SD_01/elm_fsm.v Line: 251
Warning (10230): Verilog HDL assignment warning at elm_fsm.v(252): truncated value with size 32 to match size of target (18) File: /home/duda/Documents/SD_01/elm_fsm.v Line: 252
Warning (10230): Verilog HDL assignment warning at elm_fsm.v(278): truncated value with size 32 to match size of target (4) File: /home/duda/Documents/SD_01/elm_fsm.v Line: 278
Warning (10230): Verilog HDL assignment warning at elm_fsm.v(292): truncated value with size 32 to match size of target (4) File: /home/duda/Documents/SD_01/elm_fsm.v Line: 292
Info (276014): Found 1 instances of uninferred RAM logic
    Info (276007): RAM logic "y_scores" is uninferred due to asynchronous read logic File: /home/duda/Documents/SD_01/elm_fsm.v Line: 118
Warning (13024): Output pins are stuck at VCC or GND
    Warning (13410): Pin "beta_addr[11]" is stuck at GND File: /home/duda/Documents/SD_01/elm_fsm.v Line: 126
    Warning (13410): Pin "beta_addr[12]" is stuck at GND File: /home/duda/Documents/SD_01/elm_fsm.v Line: 126
    Warning (13410): Pin "beta_addr[13]" is stuck at GND File: /home/duda/Documents/SD_01/elm_fsm.v Line: 126
    Warning (13410): Pin "beta_addr[14]" is stuck at GND File: /home/duda/Documents/SD_01/elm_fsm.v Line: 126
    Warning (13410): Pin "beta_addr[15]" is stuck at GND File: /home/duda/Documents/SD_01/elm_fsm.v Line: 126
    Warning (13410): Pin "beta_addr[16]" is stuck at GND File: /home/duda/Documents/SD_01/elm_fsm.v Line: 126
    Warning (13410): Pin "beta_addr[17]" is stuck at GND File: /home/duda/Documents/SD_01/elm_fsm.v Line: 126
Info (286030): Timing-Driven Synthesis is running
Info (17049): 4 registers lost all their fanouts during netlist optimizations.
Info (144001): Generated suppressed messages file /home/duda/Documents/SD_01/output_files/co-processador.map.smsg
Info (16010): Generating hard_block partition "hard_block:auto_generated_inst"
    Info (16011): Adding 0 node(s), including 0 DDIO, 0 PLL, 0 transceiver and 0 LCELL
Warning (21074): Design contains 10 input pin(s) that do not drive logic
    Warning (15610): No output dependent on input pin "mac_addr[0]" File: /home/duda/Documents/SD_01/elm_fsm.v Line: 68
    Warning (15610): No output dependent on input pin "mac_addr[1]" File: /home/duda/Documents/SD_01/elm_fsm.v Line: 68
    Warning (15610): No output dependent on input pin "mac_addr[2]" File: /home/duda/Documents/SD_01/elm_fsm.v Line: 68
    Warning (15610): No output dependent on input pin "mac_addr[3]" File: /home/duda/Documents/SD_01/elm_fsm.v Line: 68
    Warning (15610): No output dependent on input pin "mac_addr[4]" File: /home/duda/Documents/SD_01/elm_fsm.v Line: 68
    Warning (15610): No output dependent on input pin "mac_addr[5]" File: /home/duda/Documents/SD_01/elm_fsm.v Line: 68
    Warning (15610): No output dependent on input pin "mac_addr[6]" File: /home/duda/Documents/SD_01/elm_fsm.v Line: 68
    Warning (15610): No output dependent on input pin "mac_addr[7]" File: /home/duda/Documents/SD_01/elm_fsm.v Line: 68
    Warning (15610): No output dependent on input pin "mac_addr[8]" File: /home/duda/Documents/SD_01/elm_fsm.v Line: 68
    Warning (15610): No output dependent on input pin "mac_addr[9]" File: /home/duda/Documents/SD_01/elm_fsm.v Line: 68
Info (21057): Implemented 835 device resources after synthesis - the final resource count might be different
    Info (21058): Implemented 123 input pins
    Info (21059): Implemented 201 output pins
    Info (21061): Implemented 510 logic cells
    Info (21062): Implemented 1 DSP elements
Info: Quartus Prime Analysis & Synthesis was successful. 0 errors, 32 warnings
    Info: Peak virtual memory: 572 megabytes
    Info: Processing ended: Tue Mar 24 16:52:48 2026
    Info: Elapsed time: 00:00:05
    Info: Total CPU time (on all processors): 00:00:13


+------------------------------------------+
; Analysis & Synthesis Suppressed Messages ;
+------------------------------------------+
The suppressed messages can be found in /home/duda/Documents/SD_01/output_files/co-processador.map.smsg.


