Analysis & Synthesis report for co-processador
Thu Mar 19 05:07:28 2026
Quartus Prime Version 25.1std.0 Build 1129 10/21/2025 SC Lite Edition


---------------------
; Table of Contents ;
---------------------
  1. Legal Notice
  2. Analysis & Synthesis Summary
  3. Analysis & Synthesis Settings
  4. Parallel Compilation
  5. Analysis & Synthesis Source Files Read
  6. Analysis & Synthesis Resource Usage Summary
  7. Analysis & Synthesis Resource Utilization by Entity
  8. State Machine - |top_layer|data_state
  9. State Machine - |top_layer|cordicTanh:u_cordic|CS
 10. Registers Removed During Synthesis
 11. Removed Registers Triggering Further Register Optimizations
 12. General Register Statistics
 13. Multiplexer Restructuring Statistics (Restructuring Performed)
 14. Parameter Settings for User Entity Instance: cordicTanh:u_cordic
 15. Port Connectivity Checks: "sigmoid:u_sigmoid"
 16. Port Connectivity Checks: "mac:u_mac"
 17. Port Connectivity Checks: "rom_beta:memory_beta"
 18. Port Connectivity Checks: "rom_bias:memory_bias"
 19. Port Connectivity Checks: "rom_weights:memory_weights"
 20. Post-Synthesis Netlist Statistics for Top Partition
 21. Elapsed Time Per Partition
 22. Analysis & Synthesis Messages
 23. Analysis & Synthesis Suppressed Messages



----------------
; Legal Notice ;
----------------
Copyright (C) 2025  Altera Corporation. All rights reserved.
Your use of Altera Corporation's design tools, logic functions 
and other software and tools, and any partner logic 
functions, and any output files from any of the foregoing 
(including device programming or simulation files), and any 
associated documentation or information are expressly subject 
to the terms and conditions of the Altera Program License 
Subscription Agreement, the Altera Quartus Prime License Agreement,
the Altera IP License Agreement, or other applicable license
agreement, including, without limitation, that your use is for
the sole purpose of programming logic devices manufactured by
Altera and sold by Altera or its authorized distributors.  Please
refer to the Altera Software License Subscription Agreements 
on the Quartus Prime software download page.



+-----------------------------------------------------------------------------------+
; Analysis & Synthesis Summary                                                      ;
+---------------------------------+-------------------------------------------------+
; Analysis & Synthesis Status     ; Successful - Thu Mar 19 05:07:28 2026           ;
; Quartus Prime Version           ; 25.1std.0 Build 1129 10/21/2025 SC Lite Edition ;
; Revision Name                   ; co-processador                                  ;
; Top-level Entity Name           ; top_layer                                       ;
; Family                          ; Cyclone V                                       ;
; Logic utilization (in ALMs)     ; N/A                                             ;
; Total registers                 ; 0                                               ;
; Total pins                      ; 4                                               ;
; Total virtual pins              ; 0                                               ;
; Total block memory bits         ; 0                                               ;
; Total DSP Blocks                ; 0                                               ;
; Total HSSI RX PCSs              ; 0                                               ;
; Total HSSI PMA RX Deserializers ; 0                                               ;
; Total HSSI TX PCSs              ; 0                                               ;
; Total HSSI PMA TX Serializers   ; 0                                               ;
; Total PLLs                      ; 0                                               ;
; Total DLLs                      ; 0                                               ;
+---------------------------------+-------------------------------------------------+


+---------------------------------------------------------------------------------------------------------------------------+
; Analysis & Synthesis Settings                                                                                             ;
+---------------------------------------------------------------------------------+--------------------+--------------------+
; Option                                                                          ; Setting            ; Default Value      ;
+---------------------------------------------------------------------------------+--------------------+--------------------+
; Device                                                                          ; 5CSEMA5F31C6       ;                    ;
; Top-level entity name                                                           ; top_layer          ; co-processador     ;
; Family name                                                                     ; Cyclone V          ; Cyclone V          ;
; Use smart compilation                                                           ; Off                ; Off                ;
; Enable parallel Assembler and Timing Analyzer during compilation                ; On                 ; On                 ;
; Enable compact report table                                                     ; Off                ; Off                ;
; Restructure Multiplexers                                                        ; Auto               ; Auto               ;
; MLAB Add Timing Constraints For Mixed-Port Feed-Through Mode Setting Don't Care ; Off                ; Off                ;
; Create Debugging Nodes for IP Cores                                             ; Off                ; Off                ;
; Preserve fewer node names                                                       ; On                 ; On                 ;
; Intel FPGA IP Evaluation Mode                                                   ; Enable             ; Enable             ;
; Verilog Version                                                                 ; Verilog_2001       ; Verilog_2001       ;
; VHDL Version                                                                    ; VHDL_1993          ; VHDL_1993          ;
; State Machine Processing                                                        ; Auto               ; Auto               ;
; Safe State Machine                                                              ; Off                ; Off                ;
; Extract Verilog State Machines                                                  ; On                 ; On                 ;
; Extract VHDL State Machines                                                     ; On                 ; On                 ;
; Ignore Verilog initial constructs                                               ; Off                ; Off                ;
; Iteration limit for constant Verilog loops                                      ; 5000               ; 5000               ;
; Iteration limit for non-constant Verilog loops                                  ; 250                ; 250                ;
; Add Pass-Through Logic to Inferred RAMs                                         ; On                 ; On                 ;
; Infer RAMs from Raw Logic                                                       ; On                 ; On                 ;
; Parallel Synthesis                                                              ; On                 ; On                 ;
; DSP Block Balancing                                                             ; Auto               ; Auto               ;
; NOT Gate Push-Back                                                              ; On                 ; On                 ;
; Power-Up Don't Care                                                             ; On                 ; On                 ;
; Remove Redundant Logic Cells                                                    ; Off                ; Off                ;
; Remove Duplicate Registers                                                      ; On                 ; On                 ;
; Ignore CARRY Buffers                                                            ; Off                ; Off                ;
; Ignore CASCADE Buffers                                                          ; Off                ; Off                ;
; Ignore GLOBAL Buffers                                                           ; Off                ; Off                ;
; Ignore ROW GLOBAL Buffers                                                       ; Off                ; Off                ;
; Ignore LCELL Buffers                                                            ; Off                ; Off                ;
; Ignore SOFT Buffers                                                             ; On                 ; On                 ;
; Limit AHDL Integers to 32 Bits                                                  ; Off                ; Off                ;
; Optimization Technique                                                          ; Balanced           ; Balanced           ;
; Carry Chain Length                                                              ; 70                 ; 70                 ;
; Auto Carry Chains                                                               ; On                 ; On                 ;
; Auto Open-Drain Pins                                                            ; On                 ; On                 ;
; Perform WYSIWYG Primitive Resynthesis                                           ; Off                ; Off                ;
; Auto ROM Replacement                                                            ; On                 ; On                 ;
; Auto RAM Replacement                                                            ; On                 ; On                 ;
; Auto DSP Block Replacement                                                      ; On                 ; On                 ;
; Auto Shift Register Replacement                                                 ; Auto               ; Auto               ;
; Allow Shift Register Merging across Hierarchies                                 ; Auto               ; Auto               ;
; Auto Clock Enable Replacement                                                   ; On                 ; On                 ;
; Strict RAM Replacement                                                          ; Off                ; Off                ;
; Allow Synchronous Control Signals                                               ; On                 ; On                 ;
; Force Use of Synchronous Clear Signals                                          ; Off                ; Off                ;
; Auto Resource Sharing                                                           ; Off                ; Off                ;
; Allow Any RAM Size For Recognition                                              ; Off                ; Off                ;
; Allow Any ROM Size For Recognition                                              ; Off                ; Off                ;
; Allow Any Shift Register Size For Recognition                                   ; Off                ; Off                ;
; Use LogicLock Constraints during Resource Balancing                             ; On                 ; On                 ;
; Ignore translate_off and synthesis_off directives                               ; Off                ; Off                ;
; Timing-Driven Synthesis                                                         ; On                 ; On                 ;
; Report Parameter Settings                                                       ; On                 ; On                 ;
; Report Source Assignments                                                       ; On                 ; On                 ;
; Report Connectivity Checks                                                      ; On                 ; On                 ;
; Ignore Maximum Fan-Out Assignments                                              ; Off                ; Off                ;
; Synchronization Register Chain Length                                           ; 3                  ; 3                  ;
; Power Optimization During Synthesis                                             ; Normal compilation ; Normal compilation ;
; HDL message level                                                               ; Level2             ; Level2             ;
; Suppress Register Optimization Related Messages                                 ; Off                ; Off                ;
; Number of Removed Registers Reported in Synthesis Report                        ; 5000               ; 5000               ;
; Number of Swept Nodes Reported in Synthesis Report                              ; 5000               ; 5000               ;
; Number of Inverted Registers Reported in Synthesis Report                       ; 100                ; 100                ;
; Clock MUX Protection                                                            ; On                 ; On                 ;
; Auto Gated Clock Conversion                                                     ; Off                ; Off                ;
; Block Design Naming                                                             ; Auto               ; Auto               ;
; SDC constraint protection                                                       ; Off                ; Off                ;
; Synthesis Effort                                                                ; Auto               ; Auto               ;
; Shift Register Replacement - Allow Asynchronous Clear Signal                    ; On                 ; On                 ;
; Pre-Mapping Resynthesis Optimization                                            ; Off                ; Off                ;
; Analysis & Synthesis Message Level                                              ; Medium             ; Medium             ;
; Disable Register Merging Across Hierarchies                                     ; Auto               ; Auto               ;
; Resource Aware Inference For Block RAM                                          ; On                 ; On                 ;
; Automatic Parallel Synthesis                                                    ; On                 ; On                 ;
; Partial Reconfiguration Bitstream ID                                            ; Off                ; Off                ;
+---------------------------------------------------------------------------------+--------------------+--------------------+


+------------------------------------------+
; Parallel Compilation                     ;
+----------------------------+-------------+
; Processors                 ; Number      ;
+----------------------------+-------------+
; Number detected on machine ; 16          ;
; Maximum allowed            ; 10          ;
;                            ;             ;
; Average used               ; 1.00        ;
; Maximum used               ; 1           ;
;                            ;             ;
; Usage by Processor         ; % Time Used ;
;     Processor 1            ; 100.0%      ;
+----------------------------+-------------+


+---------------------------------------------------------------------------------------------------------------------------------+
; Analysis & Synthesis Source Files Read                                                                                          ;
+----------------------------------+-----------------+------------------------+-----------------------------------------+---------+
; File Name with User-Entered Path ; Used in Netlist ; File Type              ; File Name with Absolute Path            ; Library ;
+----------------------------------+-----------------+------------------------+-----------------------------------------+---------+
; cordicTanh.v                     ; yes             ; User Verilog HDL File  ; /home/duda/Music/macro_01/cordicTanh.v  ;         ;
; mac.v                            ; yes             ; User Verilog HDL File  ; /home/duda/Music/macro_01/mac.v         ;         ;
; top_layer.v                      ; yes             ; User Verilog HDL File  ; /home/duda/Music/macro_01/top_layer.v   ;         ;
; rom_beta.v                       ; yes             ; User Verilog HDL File  ; /home/duda/Music/macro_01/rom_beta.v    ;         ;
; rom_pixels.v                     ; yes             ; User Verilog HDL File  ; /home/duda/Music/macro_01/rom_pixels.v  ;         ;
; rom_weights.v                    ; yes             ; User Verilog HDL File  ; /home/duda/Music/macro_01/rom_weights.v ;         ;
; rom_bias.v                       ; yes             ; User Verilog HDL File  ; /home/duda/Music/macro_01/rom_bias.v    ;         ;
; sigmoid.v                        ; yes             ; User Verilog HDL File  ; /home/duda/Music/macro_01/sigmoid.v     ;         ;
+----------------------------------+-----------------+------------------------+-----------------------------------------+---------+


+-----------------------------------------------------------+
; Analysis & Synthesis Resource Usage Summary               ;
+---------------------------------------------+-------------+
; Resource                                    ; Usage       ;
+---------------------------------------------+-------------+
; Estimate of Logic utilization (ALMs needed) ; 0           ;
;                                             ;             ;
; Combinational ALUT usage for logic          ; 0           ;
;     -- 7 input functions                    ; 0           ;
;     -- 6 input functions                    ; 0           ;
;     -- 5 input functions                    ; 0           ;
;     -- 4 input functions                    ; 0           ;
;     -- <=3 input functions                  ; 0           ;
;                                             ;             ;
; Dedicated logic registers                   ; 0           ;
;                                             ;             ;
; I/O pins                                    ; 4           ;
;                                             ;             ;
; Total DSP Blocks                            ; 0           ;
;                                             ;             ;
; Maximum fan-out node                        ; done~output ;
; Maximum fan-out                             ; 1           ;
; Total fan-out                               ; 4           ;
; Average fan-out                             ; 0.50        ;
+---------------------------------------------+-------------+


+----------------------------------------------------------------------------------------------------------------------------------------------------------------------------------------+
; Analysis & Synthesis Resource Utilization by Entity                                                                                                                                    ;
+----------------------------+---------------------+---------------------------+-------------------+------------+------+--------------+---------------------+-------------+--------------+
; Compilation Hierarchy Node ; Combinational ALUTs ; Dedicated Logic Registers ; Block Memory Bits ; DSP Blocks ; Pins ; Virtual Pins ; Full Hierarchy Name ; Entity Name ; Library Name ;
+----------------------------+---------------------+---------------------------+-------------------+------------+------+--------------+---------------------+-------------+--------------+
; |top_layer                 ; 0 (0)               ; 0 (0)                     ; 0                 ; 0          ; 4    ; 0            ; |top_layer          ; top_layer   ; work         ;
+----------------------------+---------------------+---------------------------+-------------------+------------+------+--------------+---------------------+-------------+--------------+
Note: For table entries with two numbers listed, the numbers in parentheses indicate the number of resources of the given type used by the specific entity alone. The numbers listed outside of parentheses indicate the total resources of the given type used by the specific entity and all of its sub-entities in the hierarchy.


Encoding Type:  One-Hot
+-------------------------------------------------------------------------------+
; State Machine - |top_layer|data_state                                         ;
+-------------------+-------------------+-------------------+-------------------+
; Name              ; data_state.BETA_H ; data_state.IDLE_H ; data_state.PESO_H ;
+-------------------+-------------------+-------------------+-------------------+
; data_state.IDLE_H ; 0                 ; 0                 ; 0                 ;
; data_state.PESO_H ; 0                 ; 1                 ; 1                 ;
; data_state.BETA_H ; 1                 ; 1                 ; 0                 ;
+-------------------+-------------------+-------------------+-------------------+


Encoding Type:  One-Hot
+----------------------------------------------------------------+
; State Machine - |top_layer|cordicTanh:u_cordic|CS              ;
+-----------+-----------+-----------+---------+--------+---------+
; Name      ; CS.DIVIDE ; CS.REPEAT ; CS.TANH ; CS.RST ; CS.EXTR ;
+-----------+-----------+-----------+---------+--------+---------+
; CS.RST    ; 0         ; 0         ; 0       ; 0      ; 0       ;
; CS.TANH   ; 0         ; 0         ; 1       ; 1      ; 0       ;
; CS.REPEAT ; 0         ; 1         ; 0       ; 1      ; 0       ;
; CS.DIVIDE ; 1         ; 0         ; 0       ; 1      ; 0       ;
; CS.EXTR   ; 0         ; 0         ; 0       ; 1      ; 1       ;
+-----------+-----------+-----------+---------+--------+---------+


+----------------------------------------------------------------------------------+
; Registers Removed During Synthesis                                               ;
+-----------------------------------------+----------------------------------------+
; Register name                           ; Reason for Removal                     ;
+-----------------------------------------+----------------------------------------+
; rom_beta:memory_beta|q[0..15]           ; Stuck at GND due to stuck port data_in ;
; rom_bias:memory_bias|q[0..15]           ; Stuck at GND due to stuck port data_in ;
; rom_weights:memory_weights|q[0..15]     ; Stuck at GND due to stuck port data_in ;
; rom_pixels:memory_pixels|q[0..15]       ; Stuck at GND due to stuck port data_in ;
; add_bias                                ; Lost fanout                            ;
; b_reg[1..15]                            ; Merged with b_reg[0]                   ;
; b_reg[0]                                ; Stuck at GND due to stuck port data_in ;
; done~reg0                               ; Stuck at GND due to stuck port data_in ;
; data_state~5                            ; Lost fanout                            ;
; data_state~6                            ; Lost fanout                            ;
; cordicTanh:u_cordic|CS~2                ; Lost fanout                            ;
; cordicTanh:u_cordic|CS~3                ; Lost fanout                            ;
; state[0..2]                             ; Lost fanout                            ;
; cordicTanh:u_cordic|itr[0..4]           ; Lost fanout                            ;
; mac:u_mac|acc[14,15]                    ; Lost fanout                            ;
; addr[4..9]                              ; Lost fanout                            ;
; beta_j[0..7]                            ; Lost fanout                            ;
; beta_i[0..3]                            ; Lost fanout                            ;
; neuron_id[0..7]                         ; Lost fanout                            ;
; mac:u_mac|acc[0..13,16..31]             ; Lost fanout                            ;
; enable_mac                              ; Lost fanout                            ;
; addr[0..3]                              ; Lost fanout                            ;
; a_reg[0..15]                            ; Lost fanout                            ;
; cordicTanh:u_cordic|out_reg[0..15]      ; Lost fanout                            ;
; cordicTanh:u_cordic|zj[0..15]           ; Lost fanout                            ;
; cordicTanh:u_cordic|yj[0..15]           ; Lost fanout                            ;
; cordicTanh:u_cordic|xj[0..15]           ; Lost fanout                            ;
; data_state.PESO_H                       ; Lost fanout                            ;
; data_state.IDLE_H                       ; Lost fanout                            ;
; data_state.BETA_H                       ; Lost fanout                            ;
; cordicTanh:u_cordic|CS.EXTR             ; Lost fanout                            ;
; cordicTanh:u_cordic|CS.RST              ; Lost fanout                            ;
; cordicTanh:u_cordic|CS.TANH             ; Lost fanout                            ;
; cordicTanh:u_cordic|CS.REPEAT           ; Lost fanout                            ;
; cordicTanh:u_cordic|CS.DIVIDE           ; Lost fanout                            ;
; Total Number of Removed Registers = 245 ;                                        ;
+-----------------------------------------+----------------------------------------+


+-----------------------------------------------------------------------------------------------------------------------------------------------------+
; Removed Registers Triggering Further Register Optimizations                                                                                         ;
+---------------------------------+---------------------------+---------------------------------------------------------------------------------------+
; Register name                   ; Reason for Removal        ; Registers Removed due to This Register                                                ;
+---------------------------------+---------------------------+---------------------------------------------------------------------------------------+
; rom_pixels:memory_pixels|q[0]   ; Stuck at GND              ; cordicTanh:u_cordic|out_reg[0], cordicTanh:u_cordic|out_reg[1],                       ;
;                                 ; due to stuck port data_in ; cordicTanh:u_cordic|out_reg[2], cordicTanh:u_cordic|zj[0], cordicTanh:u_cordic|zj[1], ;
;                                 ;                           ; cordicTanh:u_cordic|zj[2], cordicTanh:u_cordic|yj[15], cordicTanh:u_cordic|yj[0],     ;
;                                 ;                           ; cordicTanh:u_cordic|yj[1], cordicTanh:u_cordic|yj[2], cordicTanh:u_cordic|yj[3],      ;
;                                 ;                           ; cordicTanh:u_cordic|xj[15]                                                            ;
; cordicTanh:u_cordic|CS~2        ; Lost Fanouts              ; cordicTanh:u_cordic|itr[0], cordicTanh:u_cordic|itr[1], cordicTanh:u_cordic|itr[2],   ;
;                                 ;                           ; cordicTanh:u_cordic|itr[4], mac:u_mac|acc[15], mac:u_mac|acc[14], mac:u_mac|acc[31],  ;
;                                 ;                           ; mac:u_mac|acc[27], mac:u_mac|acc[26], cordicTanh:u_cordic|CS.EXTR,                    ;
;                                 ;                           ; cordicTanh:u_cordic|CS.RST, cordicTanh:u_cordic|CS.REPEAT                             ;
; a_reg[0]                        ; Lost Fanouts              ; cordicTanh:u_cordic|out_reg[3], cordicTanh:u_cordic|out_reg[4],                       ;
;                                 ;                           ; cordicTanh:u_cordic|out_reg[5], cordicTanh:u_cordic|zj[3], cordicTanh:u_cordic|zj[4], ;
;                                 ;                           ; cordicTanh:u_cordic|zj[5], data_state.IDLE_H, data_state.BETA_H                       ;
; rom_bias:memory_bias|q[0]       ; Stuck at GND              ; add_bias, mac:u_mac|acc[30], mac:u_mac|acc[29], mac:u_mac|acc[28], mac:u_mac|acc[25], ;
;                                 ; due to stuck port data_in ; mac:u_mac|acc[24], enable_mac                                                         ;
; state[0]                        ; Lost Fanouts              ; addr[7], addr[8], addr[9], cordicTanh:u_cordic|CS.DIVIDE                              ;
; beta_j[0]                       ; Lost Fanouts              ; beta_j[4], beta_j[5], beta_j[6], beta_j[7]                                            ;
; beta_i[3]                       ; Lost Fanouts              ; beta_i[2], beta_i[1], beta_i[0]                                                       ;
; rom_beta:memory_beta|q[0]       ; Stuck at GND              ; b_reg[0], state[2]                                                                    ;
;                                 ; due to stuck port data_in ;                                                                                       ;
; cordicTanh:u_cordic|xj[0]       ; Lost Fanouts              ; cordicTanh:u_cordic|xj[3]                                                             ;
; cordicTanh:u_cordic|out_reg[15] ; Lost Fanouts              ; cordicTanh:u_cordic|zj[15]                                                            ;
; cordicTanh:u_cordic|out_reg[14] ; Lost Fanouts              ; cordicTanh:u_cordic|zj[14]                                                            ;
; cordicTanh:u_cordic|out_reg[13] ; Lost Fanouts              ; cordicTanh:u_cordic|zj[13]                                                            ;
; cordicTanh:u_cordic|out_reg[12] ; Lost Fanouts              ; cordicTanh:u_cordic|zj[12]                                                            ;
; cordicTanh:u_cordic|out_reg[11] ; Lost Fanouts              ; cordicTanh:u_cordic|zj[11]                                                            ;
; cordicTanh:u_cordic|out_reg[10] ; Lost Fanouts              ; cordicTanh:u_cordic|zj[10]                                                            ;
; cordicTanh:u_cordic|out_reg[9]  ; Lost Fanouts              ; cordicTanh:u_cordic|zj[9]                                                             ;
; cordicTanh:u_cordic|out_reg[8]  ; Lost Fanouts              ; cordicTanh:u_cordic|zj[8]                                                             ;
; cordicTanh:u_cordic|out_reg[7]  ; Lost Fanouts              ; cordicTanh:u_cordic|zj[7]                                                             ;
; cordicTanh:u_cordic|out_reg[6]  ; Lost Fanouts              ; cordicTanh:u_cordic|zj[6]                                                             ;
; cordicTanh:u_cordic|CS~3        ; Lost Fanouts              ; cordicTanh:u_cordic|CS.TANH                                                           ;
+---------------------------------+---------------------------+---------------------------------------------------------------------------------------+


+------------------------------------------------------+
; General Register Statistics                          ;
+----------------------------------------------+-------+
; Statistic                                    ; Value ;
+----------------------------------------------+-------+
; Total registers                              ; 0     ;
; Number of registers using Synchronous Clear  ; 0     ;
; Number of registers using Synchronous Load   ; 0     ;
; Number of registers using Asynchronous Clear ; 0     ;
; Number of registers using Asynchronous Load  ; 0     ;
; Number of registers using Clock Enable       ; 0     ;
; Number of registers using Preset             ; 0     ;
+----------------------------------------------+-------+


+----------------------------------------------------------------------------------------------------------------------------------------------------------+
; Multiplexer Restructuring Statistics (Restructuring Performed)                                                                                           ;
+--------------------+-----------+---------------+----------------------+------------------------+------------+--------------------------------------------+
; Multiplexer Inputs ; Bus Width ; Baseline Area ; Area if Restructured ; Saving if Restructured ; Registered ; Example Multiplexer Output                 ;
+--------------------+-----------+---------------+----------------------+------------------------+------------+--------------------------------------------+
; 3:1                ; 16 bits   ; 32 LEs        ; 0 LEs                ; 32 LEs                 ; Yes        ; |top_layer|cordicTanh:u_cordic|out_reg[13] ;
; 3:1                ; 32 bits   ; 64 LEs        ; 0 LEs                ; 64 LEs                 ; Yes        ; |top_layer|mac:u_mac|acc[7]                ;
; 3:1                ; 4 bits    ; 8 LEs         ; 4 LEs                ; 4 LEs                  ; Yes        ; |top_layer|cordicTanh:u_cordic|itr[2]      ;
; 3:1                ; 16 bits   ; 32 LEs        ; 0 LEs                ; 32 LEs                 ; Yes        ; |top_layer|cordicTanh:u_cordic|yj[7]       ;
; 4:1                ; 15 bits   ; 30 LEs        ; 0 LEs                ; 30 LEs                 ; Yes        ; |top_layer|cordicTanh:u_cordic|xj[2]       ;
; 5:1                ; 16 bits   ; 48 LEs        ; 0 LEs                ; 48 LEs                 ; Yes        ; |top_layer|cordicTanh:u_cordic|zj[11]      ;
; 11:1               ; 8 bits    ; 56 LEs        ; 0 LEs                ; 56 LEs                 ; Yes        ; |top_layer|neuron_id[7]                    ;
; 11:1               ; 8 bits    ; 56 LEs        ; 0 LEs                ; 56 LEs                 ; Yes        ; |top_layer|beta_j[5]                       ;
; 11:1               ; 4 bits    ; 28 LEs        ; 8 LEs                ; 20 LEs                 ; Yes        ; |top_layer|beta_i[2]                       ;
; 12:1               ; 10 bits   ; 80 LEs        ; 0 LEs                ; 80 LEs                 ; Yes        ; |top_layer|addr[7]                         ;
; 13:1               ; 2 bits    ; 16 LEs        ; 12 LEs               ; 4 LEs                  ; Yes        ; |top_layer|state[1]                        ;
; 4:1                ; 2 bits    ; 4 LEs         ; 4 LEs                ; 0 LEs                  ; No         ; |top_layer|cordicTanh:u_cordic|ShiftRight2 ;
; 4:1                ; 18 bits   ; 36 LEs        ; 36 LEs               ; 0 LEs                  ; No         ; |top_layer|cordicTanh:u_cordic|ShiftRight1 ;
; 3:1                ; 3 bits    ; 6 LEs         ; 6 LEs                ; 0 LEs                  ; No         ; |top_layer|cordicTanh:u_cordic|NS          ;
; 3:1                ; 4 bits    ; 8 LEs         ; 4 LEs                ; 4 LEs                  ; No         ; |top_layer|cordicTanh:u_cordic|ShiftRight1 ;
; 5:1                ; 4 bits    ; 12 LEs        ; 8 LEs                ; 4 LEs                  ; No         ; |top_layer|cordicTanh:u_cordic|ShiftRight1 ;
; 5:1                ; 3 bits    ; 9 LEs         ; 6 LEs                ; 3 LEs                  ; No         ; |top_layer|cordicTanh:u_cordic|ShiftRight1 ;
; 4:1                ; 4 bits    ; 8 LEs         ; 8 LEs                ; 0 LEs                  ; No         ; |top_layer|cordicTanh:u_cordic|zi[1]       ;
; 4:1                ; 4 bits    ; 8 LEs         ; 8 LEs                ; 0 LEs                  ; No         ; |top_layer|cordicTanh:u_cordic|zi[5]       ;
; 4:1                ; 3 bits    ; 6 LEs         ; 6 LEs                ; 0 LEs                  ; No         ; |top_layer|cordicTanh:u_cordic|zi[9]       ;
; 9:1                ; 2 bits    ; 12 LEs        ; 4 LEs                ; 8 LEs                  ; No         ; |top_layer|data_state                      ;
; 6:1                ; 4 bits    ; 16 LEs        ; 8 LEs                ; 8 LEs                  ; No         ; |top_layer|cordicTanh:u_cordic|Add4        ;
; 8:1                ; 3 bits    ; 15 LEs        ; 15 LEs               ; 0 LEs                  ; No         ; |top_layer|cordicTanh:u_cordic|ShiftRight1 ;
; 10:1               ; 4 bits    ; 24 LEs        ; 16 LEs               ; 8 LEs                  ; No         ; |top_layer|cordicTanh:u_cordic|Add4        ;
; 10:1               ; 3 bits    ; 18 LEs        ; 15 LEs               ; 3 LEs                  ; No         ; |top_layer|cordicTanh:u_cordic|Add4        ;
; 16:1               ; 3 bits    ; 30 LEs        ; 30 LEs               ; 0 LEs                  ; No         ; |top_layer|cordicTanh:u_cordic|Add4        ;
+--------------------+-----------+---------------+----------------------+------------------------+------------+--------------------------------------------+


+------------------------------------------------------------------+
; Parameter Settings for User Entity Instance: cordicTanh:u_cordic ;
+----------------+-------+-----------------------------------------+
; Parameter Name ; Value ; Type                                    ;
+----------------+-------+-----------------------------------------+
; RST            ; 000   ; Unsigned Binary                         ;
; TANH           ; 001   ; Unsigned Binary                         ;
; REPEAT         ; 010   ; Unsigned Binary                         ;
; DIVIDE         ; 011   ; Unsigned Binary                         ;
; EXTR           ; 100   ; Unsigned Binary                         ;
+----------------+-------+-----------------------------------------+
Note: In order to hide this table in the UI and the text report file, please set the "Show Parameter Settings in Synthesis Report" option in "Analysis and Synthesis Settings -> More Settings" to "Off".


+----------------------------------------------------------------------------------------------------------------+
; Port Connectivity Checks: "sigmoid:u_sigmoid"                                                                  ;
+------+--------+----------+-------------------------------------------------------------------------------------+
; Port ; Type   ; Severity ; Details                                                                             ;
+------+--------+----------+-------------------------------------------------------------------------------------+
; y    ; Output ; Info     ; Connected to dangling logic. Logic that only feeds a dangling port will be removed. ;
+------+--------+----------+-------------------------------------------------------------------------------------+


+-----------------------------------------------------------------------------------------------------------------------+
; Port Connectivity Checks: "mac:u_mac"                                                                                 ;
+-------------+--------+----------+-------------------------------------------------------------------------------------+
; Port        ; Type   ; Severity ; Details                                                                             ;
+-------------+--------+----------+-------------------------------------------------------------------------------------+
; acc[31..16] ; Output ; Info     ; Connected to dangling logic. Logic that only feeds a dangling port will be removed. ;
+-------------+--------+----------+-------------------------------------------------------------------------------------+


+----------------------------------------------------------------------------------------------------------------------------------------------------------------------------------+
; Port Connectivity Checks: "rom_beta:memory_beta"                                                                                                                                 ;
+---------+-------+----------+-----------------------------------------------------------------------------------------------------------------------------------------------------+
; Port    ; Type  ; Severity ; Details                                                                                                                                             ;
+---------+-------+----------+-----------------------------------------------------------------------------------------------------------------------------------------------------+
; address ; Input ; Warning  ; Input port expression (10 bits) is smaller than the input port (11 bits) it drives.  Extra input bit(s) "address[10..10]" will be connected to GND. ;
+---------+-------+----------+-----------------------------------------------------------------------------------------------------------------------------------------------------+


+----------------------------------------------------------------------------------------------------------------------------------------------------------------------------------------------------------------+
; Port Connectivity Checks: "rom_bias:memory_bias"                                                                                                                                                               ;
+---------+-------+----------+-----------------------------------------------------------------------------------------------------------------------------------------------------------------------------------+
; Port    ; Type  ; Severity ; Details                                                                                                                                                                           ;
+---------+-------+----------+-----------------------------------------------------------------------------------------------------------------------------------------------------------------------------------+
; address ; Input ; Warning  ; Input port expression (10 bits) is wider than the input port (8 bits) it drives.  The 2 most-significant bit(s) in the expression will be dangling if they have no other fanouts. ;
+---------+-------+----------+-----------------------------------------------------------------------------------------------------------------------------------------------------------------------------------+


+----------------------------------------------------------------------------------------------------------------------------------------------------------------------------------+
; Port Connectivity Checks: "rom_weights:memory_weights"                                                                                                                           ;
+---------+-------+----------+-----------------------------------------------------------------------------------------------------------------------------------------------------+
; Port    ; Type  ; Severity ; Details                                                                                                                                             ;
+---------+-------+----------+-----------------------------------------------------------------------------------------------------------------------------------------------------+
; address ; Input ; Warning  ; Input port expression (10 bits) is smaller than the input port (17 bits) it drives.  Extra input bit(s) "address[16..10]" will be connected to GND. ;
+---------+-------+----------+-----------------------------------------------------------------------------------------------------------------------------------------------------+


+-----------------------------------------------------+
; Post-Synthesis Netlist Statistics for Top Partition ;
+-----------------------+-----------------------------+
; Type                  ; Count                       ;
+-----------------------+-----------------------------+
; arriav_lcell_comb     ; 1                           ;
;     normal            ; 1                           ;
;         0 data inputs ; 1                           ;
; boundary_port         ; 4                           ;
;                       ;                             ;
; Max LUT depth         ; 0.00                        ;
; Average LUT depth     ; 0.00                        ;
+-----------------------+-----------------------------+


+-------------------------------+
; Elapsed Time Per Partition    ;
+----------------+--------------+
; Partition Name ; Elapsed Time ;
+----------------+--------------+
; Top            ; 00:00:00     ;
+----------------+--------------+


+-------------------------------+
; Analysis & Synthesis Messages ;
+-------------------------------+
Info: *******************************************************************
Info: Running Quartus Prime Analysis & Synthesis
    Info: Version 25.1std.0 Build 1129 10/21/2025 SC Lite Edition
    Info: Processing started: Thu Mar 19 05:07:24 2026
Info: Command: quartus_map --read_settings_files=on --write_settings_files=off co-processador -c co-processador
Warning (18236): Number of processors has not been specified which may cause overloading on shared machines.  Set the global assignment NUM_PARALLEL_PROCESSORS in your QSF to an appropriate value for best performance.
Info (20030): Parallel compilation is enabled and will use 10 of the 10 processors detected
Info (12021): Found 1 design units, including 1 entities, in source file cordicTanh.v
    Info (12023): Found entity 1: cordicTanh File: /home/duda/Music/macro_01/cordicTanh.v Line: 1
Info (12021): Found 1 design units, including 1 entities, in source file mac.v
    Info (12023): Found entity 1: mac File: /home/duda/Music/macro_01/mac.v Line: 1
Info (12021): Found 1 design units, including 1 entities, in source file top_layer.v
    Info (12023): Found entity 1: top_layer File: /home/duda/Music/macro_01/top_layer.v Line: 3
Info (12021): Found 1 design units, including 1 entities, in source file rom_beta.v
    Info (12023): Found entity 1: rom_beta File: /home/duda/Music/macro_01/rom_beta.v Line: 1
Info (12021): Found 1 design units, including 1 entities, in source file rom_pixels.v
    Info (12023): Found entity 1: rom_pixels File: /home/duda/Music/macro_01/rom_pixels.v Line: 1
Info (12021): Found 1 design units, including 1 entities, in source file rom_weights.v
    Info (12023): Found entity 1: rom_weights File: /home/duda/Music/macro_01/rom_weights.v Line: 1
Info (12021): Found 1 design units, including 1 entities, in source file rom_bias.v
    Info (12023): Found entity 1: rom_bias File: /home/duda/Music/macro_01/rom_bias.v Line: 1
Info (12021): Found 1 design units, including 1 entities, in source file sigmoid.v
    Info (12023): Found entity 1: sigmoid File: /home/duda/Music/macro_01/sigmoid.v Line: 1
Info (12127): Elaborating entity "top_layer" for the top level hierarchy
Warning (10036): Verilog HDL or VHDL warning at top_layer.v(69): object "weight_addr" assigned a value but never read File: /home/duda/Music/macro_01/top_layer.v Line: 69
Warning (10036): Verilog HDL or VHDL warning at top_layer.v(70): object "beta_addr" assigned a value but never read File: /home/duda/Music/macro_01/top_layer.v Line: 70
Warning (10230): Verilog HDL assignment warning at top_layer.v(72): truncated value with size 32 to match size of target (17) File: /home/duda/Music/macro_01/top_layer.v Line: 72
Warning (10230): Verilog HDL assignment warning at top_layer.v(73): truncated value with size 32 to match size of target (11) File: /home/duda/Music/macro_01/top_layer.v Line: 73
Info (10264): Verilog HDL Case Statement information at top_layer.v(160): all case item expressions in this case statement are onehot File: /home/duda/Music/macro_01/top_layer.v Line: 160
Warning (10230): Verilog HDL assignment warning at top_layer.v(178): truncated value with size 32 to match size of target (3) File: /home/duda/Music/macro_01/top_layer.v Line: 178
Warning (10230): Verilog HDL assignment warning at top_layer.v(201): truncated value with size 32 to match size of target (3) File: /home/duda/Music/macro_01/top_layer.v Line: 201
Warning (10230): Verilog HDL assignment warning at top_layer.v(208): truncated value with size 32 to match size of target (3) File: /home/duda/Music/macro_01/top_layer.v Line: 208
Warning (10230): Verilog HDL assignment warning at top_layer.v(216): truncated value with size 32 to match size of target (10) File: /home/duda/Music/macro_01/top_layer.v Line: 216
Warning (10230): Verilog HDL assignment warning at top_layer.v(220): truncated value with size 32 to match size of target (3) File: /home/duda/Music/macro_01/top_layer.v Line: 220
Warning (10230): Verilog HDL assignment warning at top_layer.v(226): truncated value with size 32 to match size of target (3) File: /home/duda/Music/macro_01/top_layer.v Line: 226
Warning (10230): Verilog HDL assignment warning at top_layer.v(234): truncated value with size 32 to match size of target (3) File: /home/duda/Music/macro_01/top_layer.v Line: 234
Warning (10230): Verilog HDL assignment warning at top_layer.v(249): truncated value with size 32 to match size of target (8) File: /home/duda/Music/macro_01/top_layer.v Line: 249
Warning (10230): Verilog HDL assignment warning at top_layer.v(254): truncated value with size 32 to match size of target (4) File: /home/duda/Music/macro_01/top_layer.v Line: 254
Warning (10230): Verilog HDL assignment warning at top_layer.v(257): truncated value with size 32 to match size of target (3) File: /home/duda/Music/macro_01/top_layer.v Line: 257
Warning (10230): Verilog HDL assignment warning at top_layer.v(263): truncated value with size 32 to match size of target (3) File: /home/duda/Music/macro_01/top_layer.v Line: 263
Warning (10230): Verilog HDL assignment warning at top_layer.v(268): truncated value with size 32 to match size of target (8) File: /home/duda/Music/macro_01/top_layer.v Line: 268
Warning (10230): Verilog HDL assignment warning at top_layer.v(270): truncated value with size 32 to match size of target (3) File: /home/duda/Music/macro_01/top_layer.v Line: 270
Warning (10230): Verilog HDL assignment warning at top_layer.v(272): truncated value with size 32 to match size of target (3) File: /home/duda/Music/macro_01/top_layer.v Line: 272
Warning (10199): Verilog HDL Case Statement warning at top_layer.v(276): case item expression never matches the case expression File: /home/duda/Music/macro_01/top_layer.v Line: 276
Info (12128): Elaborating entity "rom_pixels" for hierarchy "rom_pixels:memory_pixels" File: /home/duda/Music/macro_01/top_layer.v Line: 85
Warning (10858): Verilog HDL warning at rom_pixels.v(7): object mem used but never assigned File: /home/duda/Music/macro_01/rom_pixels.v Line: 7
Info (12128): Elaborating entity "rom_weights" for hierarchy "rom_weights:memory_weights" File: /home/duda/Music/macro_01/top_layer.v Line: 93
Warning (10858): Verilog HDL warning at rom_weights.v(7): object mem used but never assigned File: /home/duda/Music/macro_01/rom_weights.v Line: 7
Info (12128): Elaborating entity "rom_bias" for hierarchy "rom_bias:memory_bias" File: /home/duda/Music/macro_01/top_layer.v Line: 101
Warning (10858): Verilog HDL warning at rom_bias.v(7): object mem used but never assigned File: /home/duda/Music/macro_01/rom_bias.v Line: 7
Info (12128): Elaborating entity "rom_beta" for hierarchy "rom_beta:memory_beta" File: /home/duda/Music/macro_01/top_layer.v Line: 109
Warning (10858): Verilog HDL warning at rom_beta.v(7): object mem used but never assigned File: /home/duda/Music/macro_01/rom_beta.v Line: 7
Info (12128): Elaborating entity "mac" for hierarchy "mac:u_mac" File: /home/duda/Music/macro_01/top_layer.v Line: 123
Info (12128): Elaborating entity "cordicTanh" for hierarchy "cordicTanh:u_cordic" File: /home/duda/Music/macro_01/top_layer.v Line: 134
Warning (10230): Verilog HDL assignment warning at cordicTanh.v(78): truncated value with size 32 to match size of target (16) File: /home/duda/Music/macro_01/cordicTanh.v Line: 78
Warning (10230): Verilog HDL assignment warning at cordicTanh.v(102): truncated value with size 32 to match size of target (5) File: /home/duda/Music/macro_01/cordicTanh.v Line: 102
Info (12128): Elaborating entity "sigmoid" for hierarchy "sigmoid:u_sigmoid" File: /home/duda/Music/macro_01/top_layer.v Line: 143
Warning (10858): Verilog HDL warning at sigmoid.v(7): object lut used but never assigned File: /home/duda/Music/macro_01/sigmoid.v Line: 7
Info (276014): Found 1 instances of uninferred RAM logic
    Info (276007): RAM logic "h" is uninferred due to asynchronous read logic File: /home/duda/Music/macro_01/top_layer.v Line: 61
Warning (12241): 3 hierarchies have connectivity warnings - see the Connectivity Checks report folder
Warning (13024): Output pins are stuck at VCC or GND
    Warning (13410): Pin "done" is stuck at GND File: /home/duda/Music/macro_01/top_layer.v Line: 8
Info (17049): 164 registers lost all their fanouts during netlist optimizations.
Info (16010): Generating hard_block partition "hard_block:auto_generated_inst"
    Info (16011): Adding 0 node(s), including 0 DDIO, 0 PLL, 0 transceiver and 0 LCELL
Warning (21074): Design contains 3 input pin(s) that do not drive logic
    Warning (15610): No output dependent on input pin "rst" File: /home/duda/Music/macro_01/top_layer.v Line: 5
    Warning (15610): No output dependent on input pin "clk" File: /home/duda/Music/macro_01/top_layer.v Line: 4
    Warning (15610): No output dependent on input pin "start" File: /home/duda/Music/macro_01/top_layer.v Line: 6
Info (21057): Implemented 4 device resources after synthesis - the final resource count might be different
    Info (21058): Implemented 3 input pins
    Info (21059): Implemented 1 output pins
Info (144001): Generated suppressed messages file /home/duda/Music/macro_01/output_files/co-processador.map.smsg
Info: Quartus Prime Analysis & Synthesis was successful. 0 errors, 34 warnings
    Info: Peak virtual memory: 425 megabytes
    Info: Processing ended: Thu Mar 19 05:07:28 2026
    Info: Elapsed time: 00:00:04
    Info: Total CPU time (on all processors): 00:00:12


+------------------------------------------+
; Analysis & Synthesis Suppressed Messages ;
+------------------------------------------+
The suppressed messages can be found in /home/duda/Music/macro_01/output_files/co-processador.map.smsg.


